


********************************************************************************


                                       EMA ANALYSIS
                                Computed by PeakfqSA  0.9992
                                      John England, USACE
                                      john.f.england@usace.army.mil
                                       303/963-4524 


********************************************************************************

                                  Run Date and Time
                                  10/31/18 13:50:06             

********************************************************************************


                                BIG SANDY RIVER AT BRUCETON, TN                      

                              Spec. file         C:\Batch\03606500peaks.spc                                                      
                              Data file          03606500peaks.spc                                                               

                              Historical Period Begins         1900
                              Historical Period Ends           2018
                              Length of Historical Period       119
                              Total No. of Observations         119
                              Years Without Information           0
                              Number of Peaks                   119
                              Peaks Not Used                      0
                              Point or Finite Int. Peaks        119
                              Historic Peaks                      0
                              Years of Historic Record          119
                              Number of Uncensored Peaks        119
                              Number of Interval Peaks            0
                              Number Left Censored Peaks          0
                              Number Right Censored               0
                              Number Zero Flows                   0
                              Mean Option                   STATION    
                              Std. Dev. Option              STATION    
                              At-Site Skew Method              B17B
                              Skew Option                   STATION    
                              Generalized Skew                -0.50
                              Standard Error                 0.5000
                              (Pseudo)-MSE Employed          0.1000E+11
                              Gage Base Discharge               0.0
                              Low-Outlier Type                 MGBT
                              Two-Sweep Low-Outlier Detection
                               Sweep Out: Alpha Out:       0.005000
                               Sweep In: Alpha In:         0.100000
                              Low-Outlier Bound        Multiple G-B
                              MGB L-O Threshold             26164.0
                              Number of Low Outliers             59
                                P-value obs:  1 (Q= 0.4526E+04)  p=0.4442    
                                P-value obs:  2 (Q= 0.4876E+04)  p=0.1765    
                                P-value obs:  3 (Q= 0.5334E+04)  p=0.0897 *  
                                P-value obs:  4 (Q= 0.5396E+04)  p=0.0193 ** 
                                P-value obs:  5 (Q= 0.5541E+04)  p=0.0040 ***
                                P-value obs:  6 (Q= 0.5575E+04)  p=0.0004 ***
                                P-value obs:  7 (Q= 0.6068E+04)  p=0.0003 ***
                                P-value obs:  8 (Q= 0.6196E+04)  p=0.0000 ***
                                P-value obs:  9 (Q= 0.6403E+04)  p=0.0000 ***
                                P-value obs: 10 (Q= 0.7707E+04)  p=0.0002 ***
                                P-value obs: 11 (Q= 0.7857E+04)  p=0.0000 ***
                                P-value obs: 12 (Q= 0.8985E+04)  p=0.0007 ***
                                P-value obs: 13 (Q= 0.9103E+04)  p=0.0002 ***
                                P-value obs: 14 (Q= 0.9536E+04)  p=0.0002 ***
                                P-value obs: 15 (Q= 0.9682E+04)  p=0.0001 ***
                                P-value obs: 16 (Q= 0.9820E+04)  p=0.0000 ***
                                P-value obs: 17 (Q= 0.9908E+04)  p=0.0000 ***
                                P-value obs: 18 (Q= 0.1071E+05)  p=0.0000 ***
                                P-value obs: 19 (Q= 0.1101E+05)  p=0.0000 ***
                                P-value obs: 20 (Q= 0.1106E+05)  p=0.0000 ***
                                P-value obs: 21 (Q= 0.1175E+05)  p=0.0000 ***
                                P-value obs: 22 (Q= 0.1193E+05)  p=0.0000 ***
                                P-value obs: 23 (Q= 0.1194E+05)  p=0.0000 ***
                                P-value obs: 24 (Q= 0.1229E+05)  p=0.0000 ***
                                P-value obs: 25 (Q= 0.1272E+05)  p=0.0000 ***
                                P-value obs: 26 (Q= 0.1436E+05)  p=0.0000 ***
                                P-value obs: 27 (Q= 0.1453E+05)  p=0.0000 ***
                                P-value obs: 28 (Q= 0.1466E+05)  p=0.0000 ***
                                P-value obs: 29 (Q= 0.1483E+05)  p=0.0000 ***
                                P-value obs: 30 (Q= 0.1579E+05)  p=0.0000 ***
                                P-value obs: 31 (Q= 0.1604E+05)  p=0.0000 ***
                                P-value obs: 32 (Q= 0.1726E+05)  p=0.0001 ***
                                P-value obs: 33 (Q= 0.1792E+05)  p=0.0005 ***
                                P-value obs: 34 (Q= 0.1794E+05)  p=0.0001 ***
                                P-value obs: 35 (Q= 0.1797E+05)  p=0.0000 ***
                                P-value obs: 36 (Q= 0.1852E+05)  p=0.0001 ***
                                P-value obs: 37 (Q= 0.1919E+05)  p=0.0003 ***
                                P-value obs: 38 (Q= 0.1945E+05)  p=0.0003 ***
                                P-value obs: 39 (Q= 0.1976E+05)  p=0.0002 ***
                                P-value obs: 40 (Q= 0.2062E+05)  p=0.0019 ***
                                P-value obs: 41 (Q= 0.2079E+05)  p=0.0011 ***
                                P-value obs: 42 (Q= 0.2085E+05)  p=0.0005 ***
                                P-value obs: 43 (Q= 0.2087E+05)  p=0.0001 ***
                                P-value obs: 44 (Q= 0.2135E+05)  p=0.0003 ***
                                P-value obs: 45 (Q= 0.2149E+05)  p=0.0001 ***
                                P-value obs: 46 (Q= 0.2229E+05)  p=0.0008 ***
                                P-value obs: 47 (Q= 0.2260E+05)  p=0.0008 ***
                                P-value obs: 48 (Q= 0.2275E+05)  p=0.0004 ***
                                P-value obs: 49 (Q= 0.2309E+05)  p=0.0005 ***
                                P-value obs: 50 (Q= 0.2363E+05)  p=0.0010 ***
                                P-value obs: 51 (Q= 0.2376E+05)  p=0.0006 ***
                                P-value obs: 52 (Q= 0.2443E+05)  p=0.0019 ***
                                P-value obs: 53 (Q= 0.2469E+05)  p=0.0017 ***
                                P-value obs: 54 (Q= 0.2469E+05)  p=0.0006 ***
                                P-value obs: 55 (Q= 0.2510E+05)  p=0.0008 ***
                                P-value obs: 56 (Q= 0.2518E+05)  p=0.0004 ***
                                P-value obs: 57 (Q= 0.2556E+05)  p=0.0004 ***
                                P-value obs: 58 (Q= 0.2580E+05)  p=0.0003 ***
                                P-value obs: 59 (Q= 0.2585E+05)  p=0.0001 ***
                                P-value obs: 60 (Q= 0.2616E+05)  p=****** ***


                   ANNUAL FREQUENCY CURVE PARAMETERS  -- LOG-PEARSON TYPE III


         Fitted Log10 Moments                    M         S         G
         -----------------------------------------------------------------
         EMA, At-Site Data, w/o Reg. Info     4.356923  0.283716 -1.410000
           EMA w/ Reg. Info & B17B MSE(G)     4.356923  0.283716 -1.410000
         EMA w/Reg. Info & Spec. MSE(G)       4.356923  0.283716 -1.410000

              Estimates & MSEs Corr. to Skew 
                Option                              STATION     
                EMA Est. of G_atsite               -1.410000
                B17B Est. of MSE[G_atsite]          0.193322
                EMA (B17B) Est. of MSE[G_atsite]    0.193322
                Regional G (G_reg)                 -0.500000
                MSE[G_reg]                      0.100000E+11
                Weighted G                         -1.410000
                MSE[G_atsite_systematic]            0.193322
                ERL[G_atsite]                     119.000000


                                  EMA FREQUENCY ESTIMATES

--------------------------------------------------------------------------------
                                                        90.0% CI on EMA Est.
Ann. Exc. Prob.  EMA Est.   V[log(EMA)]  At-Site Est.   CI-Low      CI-High
-----------------------------------------------------------------------------
EMA-Q 0.9999000       252.54      0.27418       252.54         9.49      1048.65
EMA-Q 0.9995000       567.83      0.18939       567.83        33.72      1822.36
EMA-Q 0.9990000       808.04      0.15757       808.04        58.52      2321.62
EMA-Q 0.9980000      1153.24      0.12859      1153.24       102.00      2966.93
EMA-Q 0.9950000      1855.78      0.09464      1855.78       214.25      4127.43
EMA-Q 0.9900000      2673.62      0.07229      2673.62       378.51      5328.22
EMA-Q 0.9800000      3874.61      0.05282      3874.61       678.29      6921.98
EMA-Q 0.9750000      4372.88      0.04717      4372.88       842.63      7542.86
EMA-Q 0.9600000      5658.93      0.03627      5658.93      1336.16      9068.07
EMA-Q 0.9500000      6406.34      0.03156      6406.34      1666.79      9914.28
EMA-Q 0.9000000      9501.15      0.01892      9501.15      3351.16     13205.40
EMA-Q 0.8000000     14363.99      0.00932     14363.99      6903.13     17963.37
EMA-Q 0.7000000     18560.84      0.00517     18560.84     10709.99     21862.93
EMA-Q 0.6667000     19890.50      0.00428     19890.50     12033.76     23078.79
EMA-Q 0.6000000     22502.93      0.00293     22502.93     14765.41     25458.90
EMA-Q 0.5704000     23650.73      0.00247     23650.73     16009.40     26506.30
EMA-Q 0.5000000     26380.05      0.00162     26380.05     19047.13     29017.74
EMA-Q 0.4292000     29162.15      0.00103     29162.15     22186.12     31652.65
EMA-Q 0.4000000     30332.07      0.00085     30332.07     23510.73     32799.45
EMA-Q 0.3000000     34512.03      0.00046     34512.03     30030.39     37191.32
EMA-Q 0.2000000     39160.78      0.00035     39160.78     36549.41     42609.89
EMA-Q 0.1000000     44847.98      0.00053     44847.98     41942.24     52515.87
EMA-Q 0.0500000     48675.95      0.00081     48675.95     45328.71     61398.91
EMA-Q 0.0400000     49630.44      0.00090     49630.44     46155.43     63325.96
EMA-Q 0.0250000     51305.26      0.00107     51305.26     47586.36     66833.47
EMA-Q 0.0200000     51966.44      0.00114     51966.44     48143.52     68272.14
EMA-Q 0.0100000     53593.01      0.00135     53593.01     49491.67     71990.64
EMA-Q 0.0050000     54732.16      0.00152     54732.16     50412.01     74811.51
EMA-Q 0.0020000     55736.49      0.00169     55736.49     51201.37     77538.98
EMA-Q 0.0010000     56240.84      0.00179     56240.84     51587.72     79042.93
EMA-Q 0.0005000     56596.96      0.00187     56596.96     51855.74     80188.96
EMA-Q 0.0001000     57072.20      0.00199     57072.20     52207.80     81897.88
EMA-Q 0.0000500     57184.99      0.00202     57184.99     52291.33     82354.80
EMA-Q 0.0000200     57285.11      0.00206     57285.11     52366.68     82790.65
EMA-Q 0.0000100     57335.75      0.00208     57335.75     52405.97     83027.39
EMA-Q 0.0000050     57371.62      0.00209     57371.62     52434.91     83205.14
EMA-Q 0.0000020     57403.18      0.00210     57403.18     57403.18     87861.15
EMA-Q 0.0000010     57419.39*************     57419.39     57403.18     Infinity
EMA-Q 0.0000005     57431.70*************     57431.70     57403.18     Infinity
EMA-Q 0.0000002     57442.15      0.00212     57442.15     57442.15     Infinity
EMA-Q 0.0000001     57445.19      0.00213     57445.19     57445.19     Infinity



********************************************************************************

1


                                PERCEPTION THRESHOLDS FOR EMA
                                -----------------------------

          -------------------------------------------------------------
           T   Beg. Year End Year              T_lower        T_upper
          -------------------------------------------------------------
           1        1900     2018             0.0000        1.00000E+10



                           THRESHOLD EXCEED. PROBS & CENSORED OBS
                           --------------------------------------

          -------------------------------------------------------------
          Sorted(T)   T_lower      Non-Exc. Prob.    Cens. Obs. below T
          -------------------------------------------------------------
           1          2.6164E+04        0.49580                59




                                  EMA REPRESENTATION OF DATA
                                  --------------------------

                                BIG SANDY RIVER AT BRUCETON, TN                      

--------------------------------------------------------------------------------
  Year      Q_obs.     Q_lower     Q_upper    T_lower         T_upper     Q_type
--------------------------------------------------------------------------------
  1900     26164.0      26164.0      26164.0     2.616E+04     1.000E+10    Syst
  1901     36929.0      36929.0      36929.0     2.616E+04     1.000E+10    Syst
  1902     14363.0          0.0      26164.0     2.616E+04     1.000E+10    Syst
                                    . . .
  1905     20845.0          0.0      26164.0     2.616E+04     1.000E+10    Syst
  1906     30260.0      30260.0      30260.0     2.616E+04     1.000E+10    Syst
  1907     42914.0      42914.0      42914.0     2.616E+04     1.000E+10    Syst
  1908     19762.0          0.0      26164.0     2.616E+04     1.000E+10    Syst
                                    . . .
  1913     22291.0          0.0      26164.0     2.616E+04     1.000E+10    Syst
  1914     38801.0      38801.0      38801.0     2.616E+04     1.000E+10    Syst
  1915      4876.0          0.0      26164.0     2.616E+04     1.000E+10    Syst
  1916     39840.0      39840.0      39840.0     2.616E+04     1.000E+10    Syst
  1917     17943.0          0.0      26164.0     2.616E+04     1.000E+10    Syst
  1918     40176.0      40176.0      40176.0     2.616E+04     1.000E+10    Syst
  1919     33149.0      33149.0      33149.0     2.616E+04     1.000E+10    Syst
  1920     21485.0          0.0      26164.0     2.616E+04     1.000E+10    Syst
                                    . . .
  1922     23088.0          0.0      26164.0     2.616E+04     1.000E+10    Syst
  1923     28102.0      28102.0      28102.0     2.616E+04     1.000E+10    Syst
  1924     28880.0      28880.0      28880.0     2.616E+04     1.000E+10    Syst
  1925     35683.0      35683.0      35683.0     2.616E+04     1.000E+10    Syst
  1926     38128.0      38128.0      38128.0     2.616E+04     1.000E+10    Syst
  1927     18516.0          0.0      26164.0     2.616E+04     1.000E+10    Syst
  1928     35095.0      35095.0      35095.0     2.616E+04     1.000E+10    Syst
  1929     19447.0          0.0      26164.0     2.616E+04     1.000E+10    Syst
  1930     34636.0      34636.0      34636.0     2.616E+04     1.000E+10    Syst
  1931     46186.0      46186.0      46186.0     2.616E+04     1.000E+10    Syst
  1932     40723.0      40723.0      40723.0     2.616E+04     1.000E+10    Syst
  1933     43807.0      43807.0      43807.0     2.616E+04     1.000E+10    Syst
  1934     48674.0      48674.0      48674.0     2.616E+04     1.000E+10    Syst
  1935     45285.0      45285.0      45285.0     2.616E+04     1.000E+10    Syst
  1936     29932.0      29932.0      29932.0     2.616E+04     1.000E+10    Syst
  1937     17922.0          0.0      26164.0     2.616E+04     1.000E+10    Syst
  1938     48793.0      48793.0      48793.0     2.616E+04     1.000E+10    Syst
  1939     27634.0      27634.0      27634.0     2.616E+04     1.000E+10    Syst
  1940      5575.0          0.0      26164.0     2.616E+04     1.000E+10    Syst
  1941     45806.0      45806.0      45806.0     2.616E+04     1.000E+10    Syst
  1942     38018.0      38018.0      38018.0     2.616E+04     1.000E+10    Syst
  1943     31160.0      31160.0      31160.0     2.616E+04     1.000E+10    Syst
  1944     30682.0      30682.0      30682.0     2.616E+04     1.000E+10    Syst
  1945     25803.0          0.0      26164.0     2.616E+04     1.000E+10    Syst
  1946      5334.0          0.0      26164.0     2.616E+04     1.000E+10    Syst
  1947     40440.0      40440.0      40440.0     2.616E+04     1.000E+10    Syst
  1948     40413.0      40413.0      40413.0     2.616E+04     1.000E+10    Syst
  1949     32146.0      32146.0      32146.0     2.616E+04     1.000E+10    Syst
  1950     24687.0          0.0      26164.0     2.616E+04     1.000E+10    Syst
  1951     48045.0      48045.0      48045.0     2.616E+04     1.000E+10    Syst
  1952      7707.0          0.0      26164.0     2.616E+04     1.000E+10    Syst
                                    . . .
  1954      9103.0          0.0      26164.0     2.616E+04     1.000E+10    Syst
  1955     44305.0      44305.0      44305.0     2.616E+04     1.000E+10    Syst
  1956     39077.0      39077.0      39077.0     2.616E+04     1.000E+10    Syst
  1957     14664.0          0.0      26164.0     2.616E+04     1.000E+10    Syst
  1958     36439.0      36439.0      36439.0     2.616E+04     1.000E+10    Syst
  1959     32397.0      32397.0      32397.0     2.616E+04     1.000E+10    Syst
  1960     27933.0      27933.0      27933.0     2.616E+04     1.000E+10    Syst
  1961     44678.0      44678.0      44678.0     2.616E+04     1.000E+10    Syst
  1962     28489.0      28489.0      28489.0     2.616E+04     1.000E+10    Syst
  1963     36855.0      36855.0      36855.0     2.616E+04     1.000E+10    Syst
  1964     24686.0          0.0      26164.0     2.616E+04     1.000E+10    Syst
  1965     34399.0      34399.0      34399.0     2.616E+04     1.000E+10    Syst
  1966     11941.0          0.0      26164.0     2.616E+04     1.000E+10    Syst
  1967     48712.0      48712.0      48712.0     2.616E+04     1.000E+10    Syst
  1968     32579.0      32579.0      32579.0     2.616E+04     1.000E+10    Syst
  1969      8985.0          0.0      26164.0     2.616E+04     1.000E+10    Syst
  1970      9820.0          0.0      26164.0     2.616E+04     1.000E+10    Syst
  1971     40513.0      40513.0      40513.0     2.616E+04     1.000E+10    Syst
  1972     32099.0      32099.0      32099.0     2.616E+04     1.000E+10    Syst
  1973     32095.0      32095.0      32095.0     2.616E+04     1.000E+10    Syst
  1974     16036.0          0.0      26164.0     2.616E+04     1.000E+10    Syst
  1975      6403.0          0.0      26164.0     2.616E+04     1.000E+10    Syst
  1976     43570.0      43570.0      43570.0     2.616E+04     1.000E+10    Syst
  1977     24428.0          0.0      26164.0     2.616E+04     1.000E+10    Syst
                                    . . .
  1980     17260.0          0.0      26164.0     2.616E+04     1.000E+10    Syst
  1981     39893.0      39893.0      39893.0     2.616E+04     1.000E+10    Syst
  1982     11008.0          0.0      26164.0     2.616E+04     1.000E+10    Syst
  1983     26523.0      26523.0      26523.0     2.616E+04     1.000E+10    Syst
  1984     36171.0      36171.0      36171.0     2.616E+04     1.000E+10    Syst
  1985     11064.0          0.0      26164.0     2.616E+04     1.000E+10    Syst
  1986     10709.0          0.0      26164.0     2.616E+04     1.000E+10    Syst
  1987     43128.0      43128.0      43128.0     2.616E+04     1.000E+10    Syst
  1988     36065.0      36065.0      36065.0     2.616E+04     1.000E+10    Syst
  1989     21350.0          0.0      26164.0     2.616E+04     1.000E+10    Syst
  1990     41881.0      41881.0      41881.0     2.616E+04     1.000E+10    Syst
  1991     25854.0          0.0      26164.0     2.616E+04     1.000E+10    Syst
                                    . . .
  1995      5541.0          0.0      26164.0     2.616E+04     1.000E+10    Syst
  1996     26420.0      26420.0      26420.0     2.616E+04     1.000E+10    Syst
  1997     20623.0          0.0      26164.0     2.616E+04     1.000E+10    Syst
                                    . . .
  2000     11928.0          0.0      26164.0     2.616E+04     1.000E+10    Syst
  2001     35972.0      35972.0      35972.0     2.616E+04     1.000E+10    Syst
  2002     29270.0      29270.0      29270.0     2.616E+04     1.000E+10    Syst
  2003     20787.0          0.0      26164.0     2.616E+04     1.000E+10    Syst
                                    . . .
  2005     14832.0          0.0      26164.0     2.616E+04     1.000E+10    Syst
  2006     46961.0      46961.0      46961.0     2.616E+04     1.000E+10    Syst
  2007     25100.0          0.0      26164.0     2.616E+04     1.000E+10    Syst
  2008     38742.0      38742.0      38742.0     2.616E+04     1.000E+10    Syst
  2009     42655.0      42655.0      42655.0     2.616E+04     1.000E+10    Syst
  2010     19192.0          0.0      26164.0     2.616E+04     1.000E+10    Syst
                                    . . .
  2013     25560.0          0.0      26164.0     2.616E+04     1.000E+10    Syst
  2014     34393.0      34393.0      34393.0     2.616E+04     1.000E+10    Syst
  2015     17967.0          0.0      26164.0     2.616E+04     1.000E+10    Syst
  2016      9536.0          0.0      26164.0     2.616E+04     1.000E+10    Syst
  2017     44531.0      44531.0      44531.0     2.616E+04     1.000E+10    Syst
  2018     47994.0      47994.0      47994.0     2.616E+04     1.000E+10    Syst



                           SORTED OBSERVATIONS          
                   (~Hirsch/Stedinger Plotting Positions)
                     Alpha for Plotting Postions: 0.00
                   -------------------------------------


            -----------------------------------------------------
            Year Plot Pos     Obs. Q      Fit Value Q      % Diff
            -----------------------------------------------------
            1938   0.0083    48793.         53947.           9.55
            1967   0.0165    48712.         52473.           7.17
            1934   0.0248    48674.         51331.           5.18
            1951   0.0331    48045.         50360.           4.60
            2018   0.0413    47994.         49498.           3.04
            2006   0.0496    46961.         48713.           3.60
            1931   0.0579    46186.         47986.           3.75
            1941   0.0661    45806.         47306.           3.17
            1935   0.0744    45285.         46662.           2.95
            1961   0.0827    44678.         46050.           2.98
            2017   0.0909    44531.         45465.           2.05
            1955   0.0992    44305.         44902.           1.33
            1933   0.1075    43807.         44359.           1.25
            1976   0.1157    43570.         43834.           0.60
            1987   0.1240    43128.         43325.           0.45
            1907   0.1322    42914.         42830.          -0.20
            2009   0.1405    42655.         42347.          -0.73
            1990   0.1488    41881.         41876.          -0.01
            1932   0.1570    40723.         41415.           1.67
            1971   0.1653    40513.         40964.           1.10
            1947   0.1736    40440.         40522.           0.20
            1948   0.1818    40413.         40088.          -0.81
            1918   0.1901    40176.         39662.          -1.30
            1981   0.1984    39893.         39242.          -1.66
            1916   0.2066    39840.         38830.          -2.60
            1956   0.2149    39077.         38423.          -1.70
            1914   0.2232    38801.         38022.          -2.05
            2008   0.2314    38742.         37626.          -2.97
            1926   0.2397    38128.         37236.          -2.40
            1942   0.2480    38018.         36850.          -3.17
            1901   0.2562    36929.         36468.          -1.26
            1963   0.2645    36855.         36091.          -2.12
            1958   0.2728    36439.         35717.          -2.02
            1984   0.2810    36171.         35348.          -2.33
            1988   0.2893    36065.         34981.          -3.10
            2001   0.2976    35972.         34618.          -3.91
            1925   0.3058    35683.         34259.          -4.16
            1928   0.3141    35095.         33902.          -3.52
            1930   0.3224    34636.         33548.          -3.24
            1965   0.3306    34399.         33196.          -3.62
            2014   0.3389    34393.         32847.          -4.71
            1919   0.3472    33149.         32501.          -1.99
            1968   0.3554    32579.         32156.          -1.31
            1959   0.3637    32397.         31814.          -1.83
            1949   0.3720    32146.         31474.          -2.14
            1972   0.3802    32099.         31135.          -3.10
            1973   0.3885    32095.         30798.          -4.21
            1943   0.3967    31160.         30463.          -2.29
            1944   0.4050    30682.         30130.          -1.83
            1906   0.4133    30260.         29798.          -1.55
            1936   0.4215    29932.         29467.          -1.58
            2002   0.4298    29270.         29138.          -0.45
            1924   0.4381    28880.         28810.          -0.24
            1962   0.4463    28489.         28482.          -0.02
            1923   0.4546    28102.         28156.           0.19
            1960   0.4629    27933.         27831.          -0.37
            1939   0.4711    27634.         27507.          -0.46
            1983   0.4794    26523.         27183.           2.43
            1996   0.4877    26420.         26861.           1.64
            1900   0.4959    26164.         26538.           1.41
